# JRE version: Java(TM) SE Runtime Environment (22.0.2+9) (build 22.0.2+9-70)
# Java VM: Java HotSpot(TM) 64-Bit Server VM (22.0.2+9-70, mixed mode, sharing, tiered, compressed oops, compressed class ptrs, g1 gc, windows-amd64)
GC Precious Log:
 CardTable entry size: 512
 Card Set container configuration: InlinePtr #cards 5 size 8 Array Of Cards #cards 12 size 40 Howl #buckets 4 coarsen threshold 1843 Howl Bitmap #cards 512 size 80 coarsen threshold 460 Card regions per heap region 1 cards per card region 2048
 CPUs: 12 total, 12 available
 Memory: 7896M
 Large Page Support: Disabled
 NUMA Support: Disabled
 Compressed Oops: Enabled (32-bit)
 Heap Region Size: 1M
 Heap Min Capacity: 8M
 Heap Initial Capacity: 124M
 Heap Max Capacity: 1976M
 Pre-touch: Disabled
 Parallel Workers: 10
 Concurrent Workers: 3
 Concurrent Refinement Workers: 10
 Periodic GC: Disabled
Heap:
 garbage-first heap   total reserved 2023424K, committed 107520K, used 68096K [0x0000000084800000, 0x0000000100000000)
  region size 1024K, 9 young (9216K), 3 survivors (3072K)
 Metaspace       used 109349K, committed 110528K, reserved 1179648K
  class space    used 15275K, committed 15808K, reserved 1048576K
GC Heap History (20 events):
Event: 10.095 GC heap before
{Heap before GC invocations=15 (full 0):
 garbage-first heap   total reserved 2023424K, committed 107520K, used 96127K [0x0000000084800000, 0x0000000100000000)
  region size 1024K, 56 young (57344K), 4 survivors (4096K)
 Metaspace       used 79881K, committed 80704K, reserved 1179648K
  class space    used 11285K, committed 11648K, reserved 1048576K
}
Event: 10.102 GC heap after
{Heap after GC invocations=16 (full 0):
 garbage-first heap   total reserved 2023424K, committed 107520K, used 47185K [0x0000000084800000, 0x0000000100000000)
  region size 1024K, 7 young (7168K), 7 survivors (7168K)
 Metaspace       used 79881K, committed 80704K, reserved 1179648K
  class space    used 11285K, committed 11648K, reserved 1048576K
}
Event: 10.823 GC heap before
{Heap before GC invocations=16 (full 0):
 garbage-first heap   total reserved 2023424K, committed 107520K, used 92241K [0x0000000084800000, 0x0000000100000000)
  region size 1024K, 52 young (53248K), 7 survivors (7168K)
 Metaspace       used 86105K, committed 86912K, reserved 1179648K
  class space    used 12319K, committed 12672K, reserved 1048576K
}
Event: 10.830 GC heap after
{Heap after GC invocations=17 (full 0):
 garbage-first heap   total reserved 2023424K, committed 107520K, used 51596K [0x0000000084800000, 0x0000000100000000)
  region size 1024K, 5 young (5120K), 5 survivors (5120K)
 Metaspace       used 86105K, committed 86912K, reserved 1179648K
  class space    used 12319K, committed 12672K, reserved 1048576K
}
Event: 12.738 GC heap before
{Heap before GC invocations=17 (full 0):
 garbage-first heap   total reserved 2023424K, committed 107520K, used 95628K [0x0000000084800000, 0x0000000100000000)
  region size 1024K, 48 young (49152K), 5 survivors (5120K)
 Metaspace       used 90905K, committed 91840K, reserved 1179648K
  class space    used 13051K, committed 13440K, reserved 1048576K
}
Event: 12.747 GC heap after
{Heap after GC invocations=18 (full 0):
 garbage-first heap   total reserved 2023424K, committed 107520K, used 55751K [0x0000000084800000, 0x0000000100000000)
  region size 1024K, 5 young (5120K), 5 survivors (5120K)
 Metaspace       used 90905K, committed 91840K, reserved 1179648K
  class space    used 13051K, committed 13440K, reserved 1048576K
}
Event: 14.603 GC heap before
{Heap before GC invocations=19 (full 0):
 garbage-first heap   total reserved 2023424K, committed 107520K, used 94663K [0x0000000084800000, 0x0000000100000000)
  region size 1024K, 44 young (45056K), 5 survivors (5120K)
 Metaspace       used 96983K, committed 98048K, reserved 1179648K
  class space    used 14029K, committed 14528K, reserved 1048576K
}
Event: 14.609 GC heap after
{Heap after GC invocations=20 (full 0):
 garbage-first heap   total reserved 2023424K, committed 107520K, used 59416K [0x0000000084800000, 0x0000000100000000)
  region size 1024K, 5 young (5120K), 5 survivors (5120K)
 Metaspace       used 96983K, committed 98048K, reserved 1179648K
  class space    used 14029K, committed 14528K, reserved 1048576K
}
Event: 32.635 GC heap before
{Heap before GC invocations=20 (full 0):
 garbage-first heap   total reserved 2023424K, committed 107520K, used 94232K [0x0000000084800000, 0x0000000100000000)
  region size 1024K, 40 young (40960K), 5 survivors (5120K)
 Metaspace       used 104517K, committed 105664K, reserved 1179648K
  class space    used 15048K, committed 15552K, reserved 1048576K
}
Event: 32.642 GC heap after
{Heap after GC invocations=21 (full 0):
 garbage-first heap   total reserved 2023424K, committed 107520K, used 61346K [0x0000000084800000, 0x0000000100000000)
  region size 1024K, 3 young (3072K), 3 survivors (3072K)
 Metaspace       used 104517K, committed 105664K, reserved 1179648K
  class space    used 15048K, committed 15552K, reserved 1048576K
}
Event: 177.067 GC heap before
{Heap before GC invocations=21 (full 0):
 garbage-first heap   total reserved 2023424K, committed 107520K, used 96162K [0x0000000084800000, 0x0000000100000000)
  region size 1024K, 37 young (37888K), 3 survivors (3072K)
 Metaspace       used 106643K, committed 107840K, reserved 1179648K
  class space    used 15251K, committed 15808K, reserved 1048576K
}
Event: 177.162 GC heap after
{Heap after GC invocations=22 (full 0):
 garbage-first heap   total reserved 2023424K, committed 107520K, used 63085K [0x0000000084800000, 0x0000000100000000)
  region size 1024K, 2 young (2048K), 2 survivors (2048K)
 Metaspace       used 106643K, committed 107840K, reserved 1179648K
  class space    used 15251K, committed 15808K, reserved 1048576K
}
Event: 405.044 GC heap before
{Heap before GC invocations=23 (full 0):
 garbage-first heap   total reserved 2023424K, committed 107520K, used 97901K [0x0000000084800000, 0x0000000100000000)
  region size 1024K, 36 young (36864K), 2 survivors (2048K)
 Metaspace       used 107396K, committed 108544K, reserved 1179648K
  class space    used 15258K, committed 15808K, reserved 1048576K
}
Event: 405.095 GC heap after
{Heap after GC invocations=24 (full 0):
 garbage-first heap   total reserved 2023424K, committed 107520K, used 63144K [0x0000000084800000, 0x0000000100000000)
  region size 1024K, 2 young (2048K), 2 survivors (2048K)
 Metaspace       used 107396K, committed 108544K, reserved 1179648K
  class space    used 15258K, committed 15808K, reserved 1048576K
}
Event: 642.545 GC heap before
{Heap before GC invocations=24 (full 0):
 garbage-first heap   total reserved 2023424K, committed 107520K, used 97960K [0x0000000084800000, 0x0000000100000000)
  region size 1024K, 36 young (36864K), 2 survivors (2048K)
 Metaspace       used 108020K, committed 109184K, reserved 1179648K
  class space    used 15269K, committed 15808K, reserved 1048576K
}
Event: 642.645 GC heap after
{Heap after GC invocations=25 (full 0):
 garbage-first heap   total reserved 2023424K, committed 107520K, used 62799K [0x0000000084800000, 0x0000000100000000)
  region size 1024K, 2 young (2048K), 2 survivors (2048K)
 Metaspace       used 108020K, committed 109184K, reserved 1179648K
  class space    used 15269K, committed 15808K, reserved 1048576K
}
Event: 925.955 GC heap before
{Heap before GC invocations=25 (full 0):
 garbage-first heap   total reserved 2023424K, committed 107520K, used 98639K [0x0000000084800000, 0x0000000100000000)
  region size 1024K, 37 young (37888K), 2 survivors (2048K)
 Metaspace       used 108279K, committed 109504K, reserved 1179648K
  class space    used 15272K, committed 15808K, reserved 1048576K
}
Event: 926.048 GC heap after
{Heap after GC invocations=26 (full 0):
 garbage-first heap   total reserved 2023424K, committed 107520K, used 62797K [0x0000000084800000, 0x0000000100000000)
  region size 1024K, 2 young (2048K), 2 survivors (2048K)
 Metaspace       used 108279K, committed 109504K, reserved 1179648K
  class space    used 15272K, committed 15808K, reserved 1048576K
}
Event: 1077.918 GC heap before
{Heap before GC invocations=27 (full 0):
 garbage-first heap   total reserved 2023424K, committed 107520K, used 98637K [0x0000000084800000, 0x0000000100000000)
  region size 1024K, 37 young (37888K), 2 survivors (2048K)
 Metaspace       used 109321K, committed 110528K, reserved 1179648K
  class space    used 15275K, committed 15808K, reserved 1048576K
}
Event: 1078.054 GC heap after
{Heap after GC invocations=28 (full 0):
 garbage-first heap   total reserved 2023424K, committed 107520K, used 62976K [0x0000000084800000, 0x0000000100000000)
  region size 1024K, 3 young (3072K), 3 survivors (3072K)
 Metaspace       used 109321K, committed 110528K, reserved 1179648K
  class space    used 15275K, committed 15808K, reserved 1048576K
}

