# JRE version: Java(TM) SE Runtime Environment (22.0.2+9) (build 22.0.2+9-70)
# Java VM: Java HotSpot(TM) 64-Bit Server VM (22.0.2+9-70, mixed mode, sharing, tiered, compressed oops, compressed class ptrs, g1 gc, windows-amd64)
GC Precious Log:
 CardTable entry size: 512
 Card Set container configuration: InlinePtr #cards 5 size 8 Array Of Cards #cards 12 size 40 Howl #buckets 4 coarsen threshold 1843 Howl Bitmap #cards 512 size 80 coarsen threshold 460 Card regions per heap region 1 cards per card region 2048
 CPUs: 12 total, 12 available
 Memory: 7896M
 Large Page Support: Disabled
 NUMA Support: Disabled
 Compressed Oops: Enabled (32-bit)
 Heap Region Size: 1M
 Heap Min Capacity: 8M
 Heap Initial Capacity: 124M
 Heap Max Capacity: 1976M
 Pre-touch: Disabled
 Parallel Workers: 10
 Concurrent Workers: 3
 Concurrent Refinement Workers: 10
 Periodic GC: Disabled
Heap:
 garbage-first heap   total reserved 2023424K, committed 106496K, used 97405K [0x0000000084800000, 0x0000000100000000)
  region size 1024K, 35 young (35840K), 1 survivors (1024K)
 Metaspace       used 109652K, committed 110784K, reserved 1179648K
  class space    used 15304K, committed 15808K, reserved 1048576K
GC Heap History (20 events):
Event: 22.803 GC heap before
{Heap before GC invocations=21 (full 0):
 garbage-first heap   total reserved 2023424K, committed 96256K, used 85082K [0x0000000084800000, 0x0000000100000000)
  region size 1024K, 29 young (29696K), 4 survivors (4096K)
 Metaspace       used 100861K, committed 101888K, reserved 1179648K
  class space    used 14516K, committed 14976K, reserved 1048576K
}
Event: 22.809 GC heap after
{Heap after GC invocations=22 (full 0):
 garbage-first heap   total reserved 2023424K, committed 96256K, used 61580K [0x0000000084800000, 0x0000000100000000)
  region size 1024K, 3 young (3072K), 3 survivors (3072K)
 Metaspace       used 100861K, committed 101888K, reserved 1179648K
  class space    used 14516K, committed 14976K, reserved 1048576K
}
Event: 202.929 GC heap before
{Heap before GC invocations=23 (full 0):
 garbage-first heap   total reserved 2023424K, committed 104448K, used 85132K [0x0000000084800000, 0x0000000100000000)
  region size 1024K, 27 young (27648K), 3 survivors (3072K)
 Metaspace       used 103563K, committed 104704K, reserved 1179648K
  class space    used 14825K, committed 15296K, reserved 1048576K
}
Event: 203.410 GC heap after
{Heap after GC invocations=24 (full 0):
 garbage-first heap   total reserved 2023424K, committed 104448K, used 62506K [0x0000000084800000, 0x0000000100000000)
  region size 1024K, 4 young (4096K), 4 survivors (4096K)
 Metaspace       used 103563K, committed 104704K, reserved 1179648K
  class space    used 14825K, committed 15296K, reserved 1048576K
}
Event: 635.039 GC heap before
{Heap before GC invocations=24 (full 0):
 garbage-first heap   total reserved 2023424K, committed 104448K, used 92202K [0x0000000084800000, 0x0000000100000000)
  region size 1024K, 34 young (34816K), 4 survivors (4096K)
 Metaspace       used 104193K, committed 105280K, reserved 1179648K
  class space    used 14828K, committed 15296K, reserved 1048576K
}
Event: 635.947 GC heap after
{Heap after GC invocations=25 (full 0):
 garbage-first heap   total reserved 2023424K, committed 104448K, used 61348K [0x0000000084800000, 0x0000000100000000)
  region size 1024K, 2 young (2048K), 2 survivors (2048K)
 Metaspace       used 104193K, committed 105280K, reserved 1179648K
  class space    used 14828K, committed 15296K, reserved 1048576K
}
Event: 991.476 GC heap before
{Heap before GC invocations=25 (full 0):
 garbage-first heap   total reserved 2023424K, committed 104448K, used 90020K [0x0000000084800000, 0x0000000100000000)
  region size 1024K, 30 young (30720K), 2 survivors (2048K)
 Metaspace       used 104564K, committed 105664K, reserved 1179648K
  class space    used 14830K, committed 15296K, reserved 1048576K
}
Event: 991.908 GC heap after
{Heap after GC invocations=26 (full 0):
 garbage-first heap   total reserved 2023424K, committed 104448K, used 61188K [0x0000000084800000, 0x0000000100000000)
  region size 1024K, 2 young (2048K), 2 survivors (2048K)
 Metaspace       used 104564K, committed 105664K, reserved 1179648K
  class space    used 14830K, committed 15296K, reserved 1048576K
}
Event: 1025.419 GC heap before
{Heap before GC invocations=27 (full 0):
 garbage-first heap   total reserved 2023424K, committed 104448K, used 64260K [0x0000000084800000, 0x0000000100000000)
  region size 1024K, 5 young (5120K), 2 survivors (2048K)
 Metaspace       used 104619K, committed 105728K, reserved 1179648K
  class space    used 14830K, committed 15296K, reserved 1048576K
}
Event: 1025.463 GC heap after
{Heap after GC invocations=28 (full 0):
 garbage-first heap   total reserved 2023424K, committed 104448K, used 61250K [0x0000000084800000, 0x0000000100000000)
  region size 1024K, 1 young (1024K), 1 survivors (1024K)
 Metaspace       used 104619K, committed 105728K, reserved 1179648K
  class space    used 14830K, committed 15296K, reserved 1048576K
}
Event: 1317.080 GC heap before
{Heap before GC invocations=28 (full 0):
 garbage-first heap   total reserved 2023424K, committed 104448K, used 92994K [0x0000000084800000, 0x0000000100000000)
  region size 1024K, 32 young (32768K), 1 survivors (1024K)
 Metaspace       used 104911K, committed 105984K, reserved 1179648K
  class space    used 14832K, committed 15296K, reserved 1048576K
}
Event: 1317.155 GC heap after
{Heap after GC invocations=29 (full 0):
 garbage-first heap   total reserved 2023424K, committed 104448K, used 61164K [0x0000000084800000, 0x0000000100000000)
  region size 1024K, 1 young (1024K), 1 survivors (1024K)
 Metaspace       used 104911K, committed 105984K, reserved 1179648K
  class space    used 14832K, committed 15296K, reserved 1048576K
}
Event: 1514.816 GC heap before
{Heap before GC invocations=29 (full 0):
 garbage-first heap   total reserved 2023424K, committed 104448K, used 95980K [0x0000000084800000, 0x0000000100000000)
  region size 1024K, 35 young (35840K), 1 survivors (1024K)
 Metaspace       used 105576K, committed 106688K, reserved 1179648K
  class space    used 14932K, committed 15424K, reserved 1048576K
}
Event: 1514.912 GC heap after
{Heap after GC invocations=30 (full 0):
 garbage-first heap   total reserved 2023424K, committed 104448K, used 61825K [0x0000000084800000, 0x0000000100000000)
  region size 1024K, 2 young (2048K), 2 survivors (2048K)
 Metaspace       used 105576K, committed 106688K, reserved 1179648K
  class space    used 14932K, committed 15424K, reserved 1048576K
}
Event: 1535.000 GC heap before
{Heap before GC invocations=30 (full 0):
 garbage-first heap   total reserved 2023424K, committed 104448K, used 93569K [0x0000000084800000, 0x0000000100000000)
  region size 1024K, 34 young (34816K), 2 survivors (2048K)
 Metaspace       used 108732K, committed 109888K, reserved 1179648K
  class space    used 15231K, committed 15744K, reserved 1048576K
}
Event: 1535.044 GC heap after
{Heap after GC invocations=31 (full 0):
 garbage-first heap   total reserved 2023424K, committed 104448K, used 62158K [0x0000000084800000, 0x0000000100000000)
  region size 1024K, 2 young (2048K), 2 survivors (2048K)
 Metaspace       used 108732K, committed 109888K, reserved 1179648K
  class space    used 15231K, committed 15744K, reserved 1048576K
}
Event: 1557.848 GC heap before
{Heap before GC invocations=31 (full 0):
 garbage-first heap   total reserved 2023424K, committed 104448K, used 95950K [0x0000000084800000, 0x0000000100000000)
  region size 1024K, 35 young (35840K), 2 survivors (2048K)
 Metaspace       used 109619K, committed 110784K, reserved 1179648K
  class space    used 15303K, committed 15808K, reserved 1048576K
}
Event: 1558.016 GC heap after
{Heap after GC invocations=32 (full 0):
 garbage-first heap   total reserved 2023424K, committed 104448K, used 63276K [0x0000000084800000, 0x0000000100000000)
  region size 1024K, 3 young (3072K), 3 survivors (3072K)
 Metaspace       used 109619K, committed 110784K, reserved 1179648K
  class space    used 15303K, committed 15808K, reserved 1048576K
}
Event: 1559.752 GC heap before
{Heap before GC invocations=33 (full 0):
 garbage-first heap   total reserved 2023424K, committed 106496K, used 66348K [0x0000000084800000, 0x0000000100000000)
  region size 1024K, 6 young (6144K), 3 survivors (3072K)
 Metaspace       used 109626K, committed 110784K, reserved 1179648K
  class space    used 15304K, committed 15808K, reserved 1048576K
}
Event: 1559.797 GC heap after
{Heap after GC invocations=34 (full 0):
 garbage-first heap   total reserved 2023424K, committed 106496K, used 63613K [0x0000000084800000, 0x0000000100000000)
  region size 1024K, 1 young (1024K), 1 survivors (1024K)
 Metaspace       used 109626K, committed 110784K, reserved 1179648K
  class space    used 15304K, committed 15808K, reserved 1048576K
}

