# JRE version: Java(TM) SE Runtime Environment (22.0.2+9) (build 22.0.2+9-70)
# Java VM: Java HotSpot(TM) 64-Bit Server VM (22.0.2+9-70, mixed mode, sharing, tiered, compressed oops, compressed class ptrs, g1 gc, windows-amd64)
GC Precious Log:
 CardTable entry size: 512
 Card Set container configuration: InlinePtr #cards 5 size 8 Array Of Cards #cards 12 size 40 Howl #buckets 4 coarsen threshold 1843 Howl Bitmap #cards 512 size 80 coarsen threshold 460 Card regions per heap region 1 cards per card region 2048
 CPUs: 12 total, 12 available
 Memory: 7896M
 Large Page Support: Disabled
 NUMA Support: Disabled
 Compressed Oops: Enabled (32-bit)
 Heap Region Size: 1M
 Heap Min Capacity: 8M
 Heap Initial Capacity: 124M
 Heap Max Capacity: 1976M
 Pre-touch: Disabled
 Parallel Workers: 10
 Concurrent Workers: 3
 Concurrent Refinement Workers: 10
 Periodic GC: Disabled
Heap:
 garbage-first heap   total reserved 2023424K, committed 109568K, used 72890K [0x0000000084800000, 0x0000000100000000)
  region size 1024K, 13 young (13312K), 4 survivors (4096K)
 Metaspace       used 105495K, committed 106688K, reserved 1179648K
  class space    used 15183K, committed 15680K, reserved 1048576K
GC Heap History (20 events):
Event: 13.929 GC heap before
{Heap before GC invocations=11 (full 0):
 garbage-first heap   total reserved 2023424K, committed 87040K, used 73728K [0x0000000084800000, 0x0000000100000000)
  region size 1024K, 36 young (36864K), 6 survivors (6144K)
 Metaspace       used 46482K, committed 47104K, reserved 1114112K
  class space    used 6045K, committed 6336K, reserved 1048576K
}
Event: 13.936 GC heap after
{Heap after GC invocations=12 (full 0):
 garbage-first heap   total reserved 2023424K, committed 104448K, used 42544K [0x0000000084800000, 0x0000000100000000)
  region size 1024K, 3 young (3072K), 3 survivors (3072K)
 Metaspace       used 46482K, committed 47104K, reserved 1114112K
  class space    used 6045K, committed 6336K, reserved 1048576K
}
Event: 15.850 GC heap before
{Heap before GC invocations=12 (full 0):
 garbage-first heap   total reserved 2023424K, committed 104448K, used 85552K [0x0000000084800000, 0x0000000100000000)
  region size 1024K, 45 young (46080K), 3 survivors (3072K)
 Metaspace       used 57397K, committed 58176K, reserved 1114112K
  class space    used 7837K, committed 8192K, reserved 1048576K
}
Event: 15.856 GC heap after
{Heap after GC invocations=13 (full 0):
 garbage-first heap   total reserved 2023424K, committed 104448K, used 44879K [0x0000000084800000, 0x0000000100000000)
  region size 1024K, 5 young (5120K), 5 survivors (5120K)
 Metaspace       used 57397K, committed 58176K, reserved 1114112K
  class space    used 7837K, committed 8192K, reserved 1048576K
}
Event: 16.285 GC heap before
{Heap before GC invocations=13 (full 0):
 garbage-first heap   total reserved 2023424K, committed 104448K, used 52047K [0x0000000084800000, 0x0000000100000000)
  region size 1024K, 13 young (13312K), 5 survivors (5120K)
 Metaspace       used 59409K, committed 60096K, reserved 1114112K
  class space    used 8102K, committed 8448K, reserved 1048576K
}
Event: 16.291 GC heap after
{Heap after GC invocations=14 (full 0):
 garbage-first heap   total reserved 2023424K, committed 104448K, used 45656K [0x0000000084800000, 0x0000000100000000)
  region size 1024K, 4 young (4096K), 4 survivors (4096K)
 Metaspace       used 59409K, committed 60096K, reserved 1114112K
  class space    used 8102K, committed 8448K, reserved 1048576K
}
Event: 18.209 GC heap before
{Heap before GC invocations=15 (full 0):
 garbage-first heap   total reserved 2023424K, committed 104448K, used 86616K [0x0000000084800000, 0x0000000100000000)
  region size 1024K, 46 young (47104K), 4 survivors (4096K)
 Metaspace       used 69973K, committed 70784K, reserved 1114112K
  class space    used 9732K, committed 10112K, reserved 1048576K
}
Event: 18.216 GC heap after
{Heap after GC invocations=16 (full 0):
 garbage-first heap   total reserved 2023424K, committed 104448K, used 46656K [0x0000000084800000, 0x0000000100000000)
  region size 1024K, 6 young (6144K), 6 survivors (6144K)
 Metaspace       used 69973K, committed 70784K, reserved 1114112K
  class space    used 9732K, committed 10112K, reserved 1048576K
}
Event: 20.572 GC heap before
{Heap before GC invocations=16 (full 0):
 garbage-first heap   total reserved 2023424K, committed 104448K, used 90688K [0x0000000084800000, 0x0000000100000000)
  region size 1024K, 49 young (50176K), 6 survivors (6144K)
 Metaspace       used 79196K, committed 80000K, reserved 1179648K
  class space    used 11144K, committed 11520K, reserved 1048576K
}
Event: 20.581 GC heap after
{Heap after GC invocations=17 (full 0):
 garbage-first heap   total reserved 2023424K, committed 104448K, used 48127K [0x0000000084800000, 0x0000000100000000)
  region size 1024K, 6 young (6144K), 6 survivors (6144K)
 Metaspace       used 79196K, committed 80000K, reserved 1179648K
  class space    used 11144K, committed 11520K, reserved 1048576K
}
Event: 22.102 GC heap before
{Heap before GC invocations=17 (full 0):
 garbage-first heap   total reserved 2023424K, committed 104448K, used 91135K [0x0000000084800000, 0x0000000100000000)
  region size 1024K, 48 young (49152K), 6 survivors (6144K)
 Metaspace       used 85695K, committed 86464K, reserved 1179648K
  class space    used 12280K, committed 12608K, reserved 1048576K
}
Event: 22.112 GC heap after
{Heap after GC invocations=18 (full 0):
 garbage-first heap   total reserved 2023424K, committed 104448K, used 53086K [0x0000000084800000, 0x0000000100000000)
  region size 1024K, 5 young (5120K), 5 survivors (5120K)
 Metaspace       used 85695K, committed 86464K, reserved 1179648K
  class space    used 12280K, committed 12608K, reserved 1048576K
}
Event: 25.611 GC heap before
{Heap before GC invocations=18 (full 0):
 garbage-first heap   total reserved 2023424K, committed 104448K, used 91998K [0x0000000084800000, 0x0000000100000000)
  region size 1024K, 43 young (44032K), 5 survivors (5120K)
 Metaspace       used 89901K, committed 90752K, reserved 1179648K
  class space    used 12866K, committed 13248K, reserved 1048576K
}
Event: 25.620 GC heap after
{Heap after GC invocations=19 (full 0):
 garbage-first heap   total reserved 2023424K, committed 104448K, used 56866K [0x0000000084800000, 0x0000000100000000)
  region size 1024K, 4 young (4096K), 4 survivors (4096K)
 Metaspace       used 89901K, committed 90752K, reserved 1179648K
  class space    used 12866K, committed 13248K, reserved 1048576K
}
Event: 28.010 GC heap before
{Heap before GC invocations=20 (full 0):
 garbage-first heap   total reserved 2023424K, committed 104448K, used 92706K [0x0000000084800000, 0x0000000100000000)
  region size 1024K, 40 young (40960K), 4 survivors (4096K)
 Metaspace       used 93749K, committed 94720K, reserved 1179648K
  class space    used 13514K, committed 13952K, reserved 1048576K
}
Event: 28.020 GC heap after
{Heap after GC invocations=21 (full 0):
 garbage-first heap   total reserved 2023424K, committed 104448K, used 61921K [0x0000000084800000, 0x0000000100000000)
  region size 1024K, 5 young (5120K), 5 survivors (5120K)
 Metaspace       used 93749K, committed 94720K, reserved 1179648K
  class space    used 13514K, committed 13952K, reserved 1048576K
}
Event: 30.302 GC heap before
{Heap before GC invocations=21 (full 0):
 garbage-first heap   total reserved 2023424K, committed 104448K, used 92641K [0x0000000084800000, 0x0000000100000000)
  region size 1024K, 35 young (35840K), 5 survivors (5120K)
 Metaspace       used 100242K, committed 101248K, reserved 1179648K
  class space    used 14434K, committed 14848K, reserved 1048576K
}
Event: 30.310 GC heap after
{Heap after GC invocations=22 (full 0):
 garbage-first heap   total reserved 2023424K, committed 104448K, used 63467K [0x0000000084800000, 0x0000000100000000)
  region size 1024K, 3 young (3072K), 3 survivors (3072K)
 Metaspace       used 100242K, committed 101248K, reserved 1179648K
  class space    used 14434K, committed 14848K, reserved 1048576K
}
Event: 117.574 GC heap before
{Heap before GC invocations=22 (full 0):
 garbage-first heap   total reserved 2023424K, committed 104448K, used 93163K [0x0000000084800000, 0x0000000100000000)
  region size 1024K, 33 young (33792K), 3 survivors (3072K)
 Metaspace       used 103942K, committed 105024K, reserved 1179648K
  class space    used 14961K, committed 15424K, reserved 1048576K
}
Event: 117.815 GC heap after
{Heap after GC invocations=23 (full 0):
 garbage-first heap   total reserved 2023424K, committed 104448K, used 64698K [0x0000000084800000, 0x0000000100000000)
  region size 1024K, 4 young (4096K), 4 survivors (4096K)
 Metaspace       used 103942K, committed 105024K, reserved 1179648K
  class space    used 14961K, committed 15424K, reserved 1048576K
}

