# JRE version: Java(TM) SE Runtime Environment (22.0.2+9) (build 22.0.2+9-70)
# Java VM: Java HotSpot(TM) 64-Bit Server VM (22.0.2+9-70, mixed mode, sharing, tiered, compressed oops, compressed class ptrs, g1 gc, windows-amd64)
GC Precious Log:
 CardTable entry size: 512
 Card Set container configuration: InlinePtr #cards 5 size 8 Array Of Cards #cards 12 size 40 Howl #buckets 4 coarsen threshold 1843 Howl Bitmap #cards 512 size 80 coarsen threshold 460 Card regions per heap region 1 cards per card region 2048
 CPUs: 12 total, 12 available
 Memory: 7896M
 Large Page Support: Disabled
 NUMA Support: Disabled
 Compressed Oops: Enabled (32-bit)
 Heap Region Size: 1M
 Heap Min Capacity: 8M
 Heap Initial Capacity: 124M
 Heap Max Capacity: 1976M
 Pre-touch: Disabled
 Parallel Workers: 10
 Concurrent Workers: 3
 Concurrent Refinement Workers: 10
 Periodic GC: Disabled
Heap:
 garbage-first heap   total reserved 2023424K, committed 106496K, used 84855K [0x0000000084800000, 0x0000000100000000)
  region size 1024K, 24 young (24576K), 3 survivors (3072K)
 Metaspace       used 111411K, committed 112768K, reserved 1179648K
  class space    used 15811K, committed 16384K, reserved 1048576K
GC Heap History (20 events):
Event: 17.170 GC heap before
{Heap before GC invocations=14 (full 0):
 garbage-first heap   total reserved 2023424K, committed 90112K, used 76934K [0x0000000084800000, 0x0000000100000000)
  region size 1024K, 42 young (43008K), 6 survivors (6144K)
 Metaspace       used 69637K, committed 70400K, reserved 1114112K
  class space    used 9710K, committed 10048K, reserved 1048576K
}
Event: 17.177 GC heap after
{Heap after GC invocations=15 (full 0):
 garbage-first heap   total reserved 2023424K, committed 90112K, used 42812K [0x0000000084800000, 0x0000000100000000)
  region size 1024K, 5 young (5120K), 5 survivors (5120K)
 Metaspace       used 69637K, committed 70400K, reserved 1114112K
  class space    used 9710K, committed 10048K, reserved 1048576K
}
Event: 19.245 GC heap before
{Heap before GC invocations=15 (full 0):
 garbage-first heap   total reserved 2023424K, committed 90112K, used 77628K [0x0000000084800000, 0x0000000100000000)
  region size 1024K, 40 young (40960K), 5 survivors (5120K)
 Metaspace       used 78128K, committed 78848K, reserved 1179648K
  class space    used 11043K, committed 11392K, reserved 1048576K
}
Event: 19.252 GC heap after
{Heap after GC invocations=16 (full 0):
 garbage-first heap   total reserved 2023424K, committed 90112K, used 45275K [0x0000000084800000, 0x0000000100000000)
  region size 1024K, 5 young (5120K), 5 survivors (5120K)
 Metaspace       used 78128K, committed 78848K, reserved 1179648K
  class space    used 11043K, committed 11392K, reserved 1048576K
}
Event: 19.903 GC heap before
{Heap before GC invocations=16 (full 0):
 garbage-first heap   total reserved 2023424K, committed 90112K, used 78043K [0x0000000084800000, 0x0000000100000000)
  region size 1024K, 38 young (38912K), 5 survivors (5120K)
 Metaspace       used 81519K, committed 82304K, reserved 1179648K
  class space    used 11669K, committed 12032K, reserved 1048576K
}
Event: 19.911 GC heap after
{Heap after GC invocations=17 (full 0):
 garbage-first heap   total reserved 2023424K, committed 90112K, used 48260K [0x0000000084800000, 0x0000000100000000)
  region size 1024K, 4 young (4096K), 4 survivors (4096K)
 Metaspace       used 81519K, committed 82304K, reserved 1179648K
  class space    used 11669K, committed 12032K, reserved 1048576K
}
Event: 21.103 GC heap before
{Heap before GC invocations=18 (full 0):
 garbage-first heap   total reserved 2023424K, committed 90112K, used 78980K [0x0000000084800000, 0x0000000100000000)
  region size 1024K, 34 young (34816K), 4 survivors (4096K)
 Metaspace       used 85691K, committed 86528K, reserved 1179648K
  class space    used 12366K, committed 12736K, reserved 1048576K
}
Event: 21.110 GC heap after
{Heap after GC invocations=19 (full 0):
 garbage-first heap   total reserved 2023424K, committed 90112K, used 51329K [0x0000000084800000, 0x0000000100000000)
  region size 1024K, 4 young (4096K), 4 survivors (4096K)
 Metaspace       used 85691K, committed 86528K, reserved 1179648K
  class space    used 12366K, committed 12736K, reserved 1048576K
}
Event: 23.249 GC heap before
{Heap before GC invocations=19 (full 0):
 garbage-first heap   total reserved 2023424K, committed 90112K, used 78977K [0x0000000084800000, 0x0000000100000000)
  region size 1024K, 31 young (31744K), 4 survivors (4096K)
 Metaspace       used 88669K, committed 89600K, reserved 1179648K
  class space    used 12823K, committed 13248K, reserved 1048576K
}
Event: 23.256 GC heap after
{Heap after GC invocations=20 (full 0):
 garbage-first heap   total reserved 2023424K, committed 90112K, used 53858K [0x0000000084800000, 0x0000000100000000)
  region size 1024K, 4 young (4096K), 4 survivors (4096K)
 Metaspace       used 88669K, committed 89600K, reserved 1179648K
  class space    used 12823K, committed 13248K, reserved 1048576K
}
Event: 25.132 GC heap before
{Heap before GC invocations=20 (full 0):
 garbage-first heap   total reserved 2023424K, committed 90112K, used 79458K [0x0000000084800000, 0x0000000100000000)
  region size 1024K, 29 young (29696K), 4 survivors (4096K)
 Metaspace       used 92378K, committed 93376K, reserved 1179648K
  class space    used 13383K, committed 13824K, reserved 1048576K
}
Event: 25.140 GC heap after
{Heap after GC invocations=21 (full 0):
 garbage-first heap   total reserved 2023424K, committed 90112K, used 57565K [0x0000000084800000, 0x0000000100000000)
  region size 1024K, 4 young (4096K), 4 survivors (4096K)
 Metaspace       used 92378K, committed 93376K, reserved 1179648K
  class space    used 13383K, committed 13824K, reserved 1048576K
}
Event: 27.057 GC heap before
{Heap before GC invocations=22 (full 0):
 garbage-first heap   total reserved 2023424K, committed 97280K, used 78045K [0x0000000084800000, 0x0000000100000000)
  region size 1024K, 25 young (25600K), 4 survivors (4096K)
 Metaspace       used 97629K, committed 98688K, reserved 1179648K
  class space    used 14127K, committed 14592K, reserved 1048576K
}
Event: 27.064 GC heap after
{Heap after GC invocations=23 (full 0):
 garbage-first heap   total reserved 2023424K, committed 97280K, used 59400K [0x0000000084800000, 0x0000000100000000)
  region size 1024K, 3 young (3072K), 3 survivors (3072K)
 Metaspace       used 97629K, committed 98688K, reserved 1179648K
  class space    used 14127K, committed 14592K, reserved 1048576K
}
Event: 28.146 GC heap before
{Heap before GC invocations=23 (full 0):
 garbage-first heap   total reserved 2023424K, committed 97280K, used 86024K [0x0000000084800000, 0x0000000100000000)
  region size 1024K, 30 young (30720K), 3 survivors (3072K)
 Metaspace       used 102318K, committed 103424K, reserved 1179648K
  class space    used 14557K, committed 15040K, reserved 1048576K
}
Event: 28.158 GC heap after
{Heap after GC invocations=24 (full 0):
 garbage-first heap   total reserved 2023424K, committed 97280K, used 61079K [0x0000000084800000, 0x0000000100000000)
  region size 1024K, 4 young (4096K), 4 survivors (4096K)
 Metaspace       used 102318K, committed 103424K, reserved 1179648K
  class space    used 14557K, committed 15040K, reserved 1048576K
}
Event: 29.403 GC heap before
{Heap before GC invocations=24 (full 0):
 garbage-first heap   total reserved 2023424K, committed 97280K, used 85655K [0x0000000084800000, 0x0000000100000000)
  region size 1024K, 29 young (29696K), 4 survivors (4096K)
 Metaspace       used 108699K, committed 109824K, reserved 1179648K
  class space    used 15198K, committed 15680K, reserved 1048576K
}
Event: 29.411 GC heap after
{Heap after GC invocations=25 (full 0):
 garbage-first heap   total reserved 2023424K, committed 97280K, used 63116K [0x0000000084800000, 0x0000000100000000)
  region size 1024K, 2 young (2048K), 2 survivors (2048K)
 Metaspace       used 108699K, committed 109824K, reserved 1179648K
  class space    used 15198K, committed 15680K, reserved 1048576K
}
Event: 38.919 GC heap before
{Heap before GC invocations=26 (full 0):
 garbage-first heap   total reserved 2023424K, committed 106496K, used 88716K [0x0000000084800000, 0x0000000100000000)
  region size 1024K, 27 young (27648K), 2 survivors (2048K)
 Metaspace       used 111239K, committed 112640K, reserved 1179648K
  class space    used 15805K, committed 16384K, reserved 1048576K
}
Event: 38.925 GC heap after
{Heap after GC invocations=27 (full 0):
 garbage-first heap   total reserved 2023424K, committed 106496K, used 64375K [0x0000000084800000, 0x0000000100000000)
  region size 1024K, 3 young (3072K), 3 survivors (3072K)
 Metaspace       used 111239K, committed 112640K, reserved 1179648K
  class space    used 15805K, committed 16384K, reserved 1048576K
}

