# JRE version: Java(TM) SE Runtime Environment (22.0.2+9) (build 22.0.2+9-70)
# Java VM: Java HotSpot(TM) 64-Bit Server VM (22.0.2+9-70, mixed mode, sharing, tiered, compressed oops, compressed class ptrs, g1 gc, windows-amd64)
GC Precious Log:
 CardTable entry size: 512
 Card Set container configuration: InlinePtr #cards 5 size 8 Array Of Cards #cards 12 size 40 Howl #buckets 4 coarsen threshold 1843 Howl Bitmap #cards 512 size 80 coarsen threshold 460 Card regions per heap region 1 cards per card region 2048
 CPUs: 12 total, 12 available
 Memory: 7896M
 Large Page Support: Disabled
 NUMA Support: Disabled
 Compressed Oops: Enabled (32-bit)
 Heap Region Size: 1M
 Heap Min Capacity: 8M
 Heap Initial Capacity: 124M
 Heap Max Capacity: 1976M
 Pre-touch: Disabled
 Parallel Workers: 10
 Concurrent Workers: 3
 Concurrent Refinement Workers: 10
 Periodic GC: Disabled
Heap:
 garbage-first heap   total reserved 2023424K, committed 75776K, used 65591K [0x0000000084800000, 0x0000000100000000)
  region size 1024K, 24 young (24576K), 2 survivors (2048K)
 Metaspace       used 64188K, committed 65152K, reserved 1114112K
  class space    used 8237K, committed 8704K, reserved 1048576K
GC Heap History (20 events):
Event: 12.638 GC heap before
{Heap before GC invocations=15 (full 0):
 garbage-first heap   total reserved 2023424K, committed 65536K, used 55588K [0x0000000084800000, 0x0000000100000000)
  region size 1024K, 23 young (23552K), 4 survivors (4096K)
 Metaspace       used 52576K, committed 53312K, reserved 1114112K
  class space    used 7169K, committed 7488K, reserved 1048576K
}
Event: 12.645 GC heap after
{Heap after GC invocations=16 (full 0):
 garbage-first heap   total reserved 2023424K, committed 65536K, used 39030K [0x0000000084800000, 0x0000000100000000)
  region size 1024K, 3 young (3072K), 3 survivors (3072K)
 Metaspace       used 52576K, committed 53312K, reserved 1114112K
  class space    used 7169K, committed 7488K, reserved 1048576K
}
Event: 15.009 GC heap before
{Heap before GC invocations=16 (full 0):
 garbage-first heap   total reserved 2023424K, committed 65536K, used 55414K [0x0000000084800000, 0x0000000100000000)
  region size 1024K, 20 young (20480K), 3 survivors (3072K)
 Metaspace       used 57533K, committed 58368K, reserved 1114112K
  class space    used 7822K, committed 8192K, reserved 1048576K
}
Event: 15.015 GC heap after
{Heap after GC invocations=17 (full 0):
 garbage-first heap   total reserved 2023424K, committed 65536K, used 39995K [0x0000000084800000, 0x0000000100000000)
  region size 1024K, 2 young (2048K), 2 survivors (2048K)
 Metaspace       used 57533K, committed 58368K, reserved 1114112K
  class space    used 7822K, committed 8192K, reserved 1048576K
}
Event: 70.188 GC heap before
{Heap before GC invocations=17 (full 0):
 garbage-first heap   total reserved 2023424K, committed 65536K, used 57403K [0x0000000084800000, 0x0000000100000000)
  region size 1024K, 20 young (20480K), 2 survivors (2048K)
 Metaspace       used 60071K, committed 60992K, reserved 1114112K
  class space    used 8150K, committed 8576K, reserved 1048576K
}
Event: 70.222 GC heap after
{Heap after GC invocations=18 (full 0):
 garbage-first heap   total reserved 2023424K, committed 65536K, used 42657K [0x0000000084800000, 0x0000000100000000)
  region size 1024K, 3 young (3072K), 3 survivors (3072K)
 Metaspace       used 60071K, committed 60992K, reserved 1114112K
  class space    used 8150K, committed 8576K, reserved 1048576K
}
Event: 195.323 GC heap before
{Heap before GC invocations=19 (full 0):
 garbage-first heap   total reserved 2023424K, committed 71680K, used 56993K [0x0000000084800000, 0x0000000100000000)
  region size 1024K, 18 young (18432K), 3 survivors (3072K)
 Metaspace       used 61319K, committed 62272K, reserved 1114112K
  class space    used 8222K, committed 8640K, reserved 1048576K
}
Event: 195.568 GC heap after
{Heap after GC invocations=20 (full 0):
 garbage-first heap   total reserved 2023424K, committed 71680K, used 43605K [0x0000000084800000, 0x0000000100000000)
  region size 1024K, 2 young (2048K), 2 survivors (2048K)
 Metaspace       used 61319K, committed 62272K, reserved 1114112K
  class space    used 8222K, committed 8640K, reserved 1048576K
}
Event: 378.534 GC heap before
{Heap before GC invocations=20 (full 0):
 garbage-first heap   total reserved 2023424K, committed 71680K, used 63061K [0x0000000084800000, 0x0000000100000000)
  region size 1024K, 21 young (21504K), 2 survivors (2048K)
 Metaspace       used 62160K, committed 63104K, reserved 1114112K
  class space    used 8227K, committed 8640K, reserved 1048576K
}
Event: 378.791 GC heap after
{Heap after GC invocations=21 (full 0):
 garbage-first heap   total reserved 2023424K, committed 71680K, used 43199K [0x0000000084800000, 0x0000000100000000)
  region size 1024K, 3 young (3072K), 3 survivors (3072K)
 Metaspace       used 62160K, committed 63104K, reserved 1114112K
  class space    used 8227K, committed 8640K, reserved 1048576K
}
Event: 562.193 GC heap before
{Heap before GC invocations=21 (full 0):
 garbage-first heap   total reserved 2023424K, committed 71680K, used 62655K [0x0000000084800000, 0x0000000100000000)
  region size 1024K, 22 young (22528K), 3 survivors (3072K)
 Metaspace       used 62663K, committed 63616K, reserved 1114112K
  class space    used 8231K, committed 8640K, reserved 1048576K
}
Event: 562.302 GC heap after
{Heap after GC invocations=22 (full 0):
 garbage-first heap   total reserved 2023424K, committed 71680K, used 43597K [0x0000000084800000, 0x0000000100000000)
  region size 1024K, 1 young (1024K), 1 survivors (1024K)
 Metaspace       used 62663K, committed 63616K, reserved 1114112K
  class space    used 8231K, committed 8640K, reserved 1048576K
}
Event: 770.038 GC heap before
{Heap before GC invocations=23 (full 0):
 garbage-first heap   total reserved 2023424K, committed 73728K, used 64077K [0x0000000084800000, 0x0000000100000000)
  region size 1024K, 22 young (22528K), 1 survivors (1024K)
 Metaspace       used 63084K, committed 64000K, reserved 1114112K
  class space    used 8233K, committed 8640K, reserved 1048576K
}
Event: 770.122 GC heap after
{Heap after GC invocations=24 (full 0):
 garbage-first heap   total reserved 2023424K, committed 73728K, used 43529K [0x0000000084800000, 0x0000000100000000)
  region size 1024K, 1 young (1024K), 1 survivors (1024K)
 Metaspace       used 63084K, committed 64000K, reserved 1114112K
  class space    used 8233K, committed 8640K, reserved 1048576K
}
Event: 1009.561 GC heap before
{Heap before GC invocations=24 (full 0):
 garbage-first heap   total reserved 2023424K, committed 73728K, used 67081K [0x0000000084800000, 0x0000000100000000)
  region size 1024K, 24 young (24576K), 1 survivors (1024K)
 Metaspace       used 63401K, committed 64384K, reserved 1114112K
  class space    used 8235K, committed 8704K, reserved 1048576K
}
Event: 1009.723 GC heap after
{Heap after GC invocations=25 (full 0):
 garbage-first heap   total reserved 2023424K, committed 73728K, used 43514K [0x0000000084800000, 0x0000000100000000)
  region size 1024K, 2 young (2048K), 2 survivors (2048K)
 Metaspace       used 63401K, committed 64384K, reserved 1114112K
  class space    used 8235K, committed 8704K, reserved 1048576K
}
Event: 1216.414 GC heap before
{Heap before GC invocations=25 (full 0):
 garbage-first heap   total reserved 2023424K, committed 73728K, used 63994K [0x0000000084800000, 0x0000000100000000)
  region size 1024K, 23 young (23552K), 2 survivors (2048K)
 Metaspace       used 63853K, committed 64832K, reserved 1114112K
  class space    used 8236K, committed 8704K, reserved 1048576K
}
Event: 1216.507 GC heap after
{Heap after GC invocations=26 (full 0):
 garbage-first heap   total reserved 2023424K, committed 73728K, used 43901K [0x0000000084800000, 0x0000000100000000)
  region size 1024K, 2 young (2048K), 2 survivors (2048K)
 Metaspace       used 63853K, committed 64832K, reserved 1114112K
  class space    used 8236K, committed 8704K, reserved 1048576K
}
Event: 1427.018 GC heap before
{Heap before GC invocations=27 (full 0):
 garbage-first heap   total reserved 2023424K, committed 75776K, used 65405K [0x0000000084800000, 0x0000000100000000)
  region size 1024K, 23 young (23552K), 2 survivors (2048K)
 Metaspace       used 64069K, committed 65088K, reserved 1114112K
  class space    used 8237K, committed 8704K, reserved 1048576K
}
Event: 1427.081 GC heap after
{Heap after GC invocations=28 (full 0):
 garbage-first heap   total reserved 2023424K, committed 75776K, used 44087K [0x0000000084800000, 0x0000000100000000)
  region size 1024K, 2 young (2048K), 2 survivors (2048K)
 Metaspace       used 64069K, committed 65088K, reserved 1114112K
  class space    used 8237K, committed 8704K, reserved 1048576K
}

